2024-09-16 15:01:36 [main] INFO  testCases.Authentication - Response time is within range.
2024-09-23 15:05:42 [main] INFO  testCases.GenerateTokenBearer - *****First Account ID:******965
2024-09-23 15:43:55 [main] INFO  testCases.GenerateTokenBearer - Response time is within range.
2024-09-23 15:44:43 [main] INFO  testCases.Authentication - Response time is within range.
2024-09-23 15:45:12 [main] INFO  testCases.GenerateTokenBearer - Response time is within range.
2024-09-23 15:48:01 [main] INFO  testCases.GenerateTokenBearer - Response time is within range.
2024-09-23 15:48:02 [main] INFO  testCases.GenerateTokenBearer - *****Actual Account Name:******MD Techfios account 111
2024-09-23 15:48:02 [main] INFO  testCases.GenerateTokenBearer - *****Actual Account Number:******123456789
2024-09-23 15:48:02 [main] INFO  testCases.GenerateTokenBearer - *****Actual Description:******Test description 1
2024-09-23 15:48:02 [main] INFO  testCases.GenerateTokenBearer - *****Actual Balance:******100.22
2024-09-23 15:48:02 [main] INFO  testCases.GenerateTokenBearer - *****Actual Contact Person:******MD Islam
2024-09-23 15:53:18 [main] INFO  testCases.GenerateTokenBearer - Response time is within range.
2024-09-23 15:53:19 [main] INFO  testCases.GenerateTokenBearer - *****Actual Account Name:******MD Techfios account 111
2024-09-23 15:53:19 [main] INFO  testCases.GenerateTokenBearer - *****Actual Account Number:******123456789
2024-09-23 15:53:19 [main] INFO  testCases.GenerateTokenBearer - *****Actual Description:******Test description 1
2024-09-23 15:53:19 [main] INFO  testCases.GenerateTokenBearer - *****Actual Balance:******100.22
2024-09-23 15:53:19 [main] INFO  testCases.GenerateTokenBearer - *****Actual Contact Person:******MD Islam
2024-09-23 15:55:44 [main] INFO  testCases.GenerateTokenBearer - Response time is within range.
2024-09-23 15:55:45 [main] INFO  testCases.GenerateTokenBearer - *****Actual Account Name:******MD Techfios account 111
2024-09-23 15:55:45 [main] INFO  testCases.GenerateTokenBearer - *****Actual Account Number:******123456789
2024-09-23 15:55:45 [main] INFO  testCases.GenerateTokenBearer - *****Actual Description:******Test description 1
2024-09-23 15:55:45 [main] INFO  testCases.GenerateTokenBearer - *****Actual Balance:******100.22
2024-09-23 15:55:45 [main] INFO  testCases.GenerateTokenBearer - *****Actual Contact Person:******MD Islam
2024-09-24 17:10:47 [main] INFO  testCases.GenerateTokenBearer - Response time is within range.
2024-09-24 17:10:48 [main] INFO  testCases.GenerateTokenBearer - *****Actual Account Created:******Account created successfully.
2024-09-24 17:21:36 [main] INFO  testCases.GenerateTokenBearer - Response time is within range.
2024-09-24 17:21:37 [main] INFO  testCases.GenerateTokenBearer - *****Actual Account Created:******Account created successfully.
2024-09-24 17:21:39 [main] INFO  testCases.GenerateTokenBearer - *****First Account ID:******968
2024-09-24 17:21:40 [main] INFO  testCases.GenerateTokenBearer - Response time is within range.
2024-09-24 17:23:35 [main] INFO  testCases.GenerateTokenBearer - Response time is within range.
2024-09-24 17:23:36 [main] INFO  testCases.GenerateTokenBearer - *****Actual Account Name:******MD Techfios account 111
2024-09-24 17:23:36 [main] INFO  testCases.GenerateTokenBearer - *****Actual Account Number:******123456789
2024-09-24 17:23:36 [main] INFO  testCases.GenerateTokenBearer - *****Actual Description:******Test description 1
2024-09-24 17:23:36 [main] INFO  testCases.GenerateTokenBearer - *****Actual Balance:******100.22
2024-09-24 17:23:36 [main] INFO  testCases.GenerateTokenBearer - *****Actual Contact Person:******MD Islam
2024-09-24 17:24:31 [main] INFO  testCases.GenerateTokenBearer - Response time is within range.
2024-09-24 17:24:33 [main] INFO  testCases.GenerateTokenBearer - *****Actual Account Created:******Account created successfully.
2024-09-24 17:24:34 [main] INFO  testCases.GenerateTokenBearer - *****First Account ID:******969
2024-09-24 17:24:35 [main] INFO  testCases.GenerateTokenBearer - Response time is within range.
2024-09-24 17:28:12 [main] INFO  testCases.GenerateTokenBearer - Response time is within range.
2024-09-24 17:28:13 [main] INFO  testCases.GenerateTokenBearer - *****Actual Account Created:******Account created successfully.
2024-09-24 17:28:15 [main] INFO  testCases.GenerateTokenBearer - *****First Account ID:******970
2024-09-24 17:28:16 [main] INFO  testCases.GenerateTokenBearer - Response time is within range.
2024-09-24 17:30:45 [main] INFO  testCases.GenerateTokenBearer - Response time is within range.
2024-09-24 17:30:46 [main] INFO  testCases.GenerateTokenBearer - *****Actual Account Created:******Account created successfully.
2024-09-24 17:30:48 [main] INFO  testCases.GenerateTokenBearer - *****First Account ID:******971
2024-09-24 17:30:49 [main] INFO  testCases.GenerateTokenBearer - Response time is within range.
2024-09-24 17:30:50 [main] INFO  testCases.GenerateTokenBearer - *****Actual Account Name:******Personal account 001
2024-09-24 17:32:34 [main] INFO  testCases.GenerateTokenBearer - Response time is within range.
2024-09-24 17:32:36 [main] INFO  testCases.GenerateTokenBearer - *****Actual Account Created:******Account created successfully.
2024-09-24 17:32:37 [main] INFO  testCases.GenerateTokenBearer - *****First Account ID:******972
2024-09-24 17:32:38 [main] INFO  testCases.GenerateTokenBearer - Response time is within range.
2024-09-24 17:32:39 [main] INFO  testCases.GenerateTokenBearer - *****Actual Account Name:******Personal account 001
2024-09-24 17:32:39 [main] INFO  testCases.GenerateTokenBearer - *****Actual Account Number:******123456789
2024-09-24 17:32:39 [main] INFO  testCases.GenerateTokenBearer - *****Actual Description:******Test description 1
2024-09-24 17:32:39 [main] INFO  testCases.GenerateTokenBearer - *****Actual Balance:******287.90
2024-09-24 17:32:39 [main] INFO  testCases.GenerateTokenBearer - *****Actual Contact Person:******Susmita
2024-09-24 17:45:44 [main] INFO  testCases.GenerateTokenBearer - Response time is within range.
2024-09-24 17:45:45 [main] INFO  testCases.GenerateTokenBearer - *****Actual Account Created:******Account created successfully.
2024-09-24 17:45:47 [main] INFO  testCases.GenerateTokenBearer - *****First Account ID:******973
2024-09-24 17:45:48 [main] INFO  testCases.GenerateTokenBearer - Response time is within range.
2024-09-24 17:45:49 [main] INFO  testCases.GenerateTokenBearer - *****Actual Account Name:******Personal account 001
2024-09-24 17:45:49 [main] INFO  testCases.GenerateTokenBearer - *****Actual Account Number:******123456789
2024-09-24 17:45:49 [main] INFO  testCases.GenerateTokenBearer - *****Actual Description:******Test description 1
2024-09-24 17:45:49 [main] INFO  testCases.GenerateTokenBearer - *****Actual Balance:******287.90
2024-09-24 17:45:49 [main] INFO  testCases.GenerateTokenBearer - *****Actual Contact Person:******Susmita
2024-09-24 17:45:49 [main] INFO  testCases.GenerateTokenBearer - *****Expected Account Name:******Personal account 001
2024-09-24 17:45:49 [main] INFO  testCases.GenerateTokenBearer - *****Expected Account Number:******123456789
2024-09-24 17:45:49 [main] INFO  testCases.GenerateTokenBearer - *****Expected Description:******Test description 1
2024-09-24 17:45:49 [main] INFO  testCases.GenerateTokenBearer - *****Expected Balance:******287.90
2024-09-24 17:45:49 [main] INFO  testCases.GenerateTokenBearer - *****Expected Contact Person:******Susmita
2024-09-24 17:58:10 [main] INFO  testCases.GenerateTokenBearer - Response time is within range.
2024-09-24 17:58:11 [main] INFO  testCases.CreateNewAccount - *****Actual Account Created:******Account created successfully.
2024-09-24 17:58:12 [main] INFO  testCases.CreateNewAccount - *****First Account ID:******974
2024-09-24 17:58:14 [main] INFO  testCases.GenerateTokenBearer - Response time is within range.
2024-09-24 17:58:15 [main] INFO  testCases.CreateNewAccount - *****Actual Account Name:******Personal account 001
2024-09-24 17:58:15 [main] INFO  testCases.CreateNewAccount - *****Actual Account Number:******123456789
2024-09-24 17:58:15 [main] INFO  testCases.CreateNewAccount - *****Actual Description:******Test description 1
2024-09-24 17:58:15 [main] INFO  testCases.CreateNewAccount - *****Actual Balance:******287.90
2024-09-24 17:58:15 [main] INFO  testCases.CreateNewAccount - *****Actual Contact Person:******Susmita
2024-09-24 17:58:15 [main] INFO  testCases.CreateNewAccount - *****Expected Account Name:******Personal account 001
2024-09-24 17:58:15 [main] INFO  testCases.CreateNewAccount - *****Expected Account Number:******123456789
2024-09-24 17:58:15 [main] INFO  testCases.CreateNewAccount - *****Expected Description:******Test description 1
2024-09-24 17:58:15 [main] INFO  testCases.CreateNewAccount - *****Expected Balance:******287.90
2024-09-24 17:58:15 [main] INFO  testCases.CreateNewAccount - *****Expected Contact Person:******Susmita
2024-09-24 18:44:22 [main] INFO  testCases.GenerateTokenBearer - Response time is within range.
2024-09-24 18:44:24 [main] INFO  testCases.UpdateAccount - *****Actual Account Updated:******Account updated successfully
2024-09-24 18:44:25 [main] INFO  testCases.GenerateTokenBearer - Response time is within range.
2024-09-24 18:49:03 [main] INFO  testCases.GenerateTokenBearer - Response time is within range.
2024-09-24 18:49:04 [main] INFO  testCases.UpdateAccount - *****Actual Account Updated:******Account updated successfully
2024-09-24 18:49:05 [main] INFO  testCases.GenerateTokenBearer - Response time is within range.
2024-09-24 18:51:24 [main] INFO  testCases.GenerateTokenBearer - Response time is within range.
2024-09-24 18:51:25 [main] INFO  testCases.UpdateAccount - *****Actual Account Updated:******Account updated successfully
2024-09-24 18:51:26 [main] INFO  testCases.GenerateTokenBearer - Response time is within range.
2024-09-24 18:54:42 [main] INFO  testCases.GenerateTokenBearer - Response time is within range.
2024-09-24 18:54:44 [main] INFO  testCases.UpdateAccount - *****Actual Account Updated:******Account updated successfully
2024-09-24 18:54:45 [main] INFO  testCases.GenerateTokenBearer - Response time is within range.
2024-09-24 19:00:14 [main] INFO  testCases.GenerateTokenBearer - Response time is within range.
2024-09-24 19:00:16 [main] INFO  testCases.UpdateAccount - *****Actual Account Updated:******Account updated successfully
2024-09-24 19:00:17 [main] INFO  testCases.GenerateTokenBearer - Response time is within range.
2024-09-24 19:03:15 [main] INFO  testCases.GenerateTokenBearer - Response time is within range.
2024-09-24 19:03:17 [main] INFO  testCases.UpdateAccount - *****Actual Account Updated:******Account updated successfully.
2024-09-24 19:03:18 [main] INFO  testCases.GenerateTokenBearer - Response time is within range.
2024-09-24 19:03:19 [main] INFO  testCases.UpdateAccount - *****Actual Account Name:******MD Techfios account 111
2024-09-24 19:03:19 [main] INFO  testCases.UpdateAccount - *****Actual Account Number:******123456789
2024-09-24 19:03:19 [main] INFO  testCases.UpdateAccount - *****Actual Description:******Test description 1
2024-09-24 19:03:19 [main] INFO  testCases.UpdateAccount - *****Actual Balance:******1000.22
2024-09-24 19:03:19 [main] INFO  testCases.UpdateAccount - *****Actual Contact Person:******MD Islam
2024-09-24 19:03:19 [main] INFO  testCases.UpdateAccount - *****Expected Account Name:******MD Techfios account 111
2024-09-24 19:03:19 [main] INFO  testCases.UpdateAccount - *****Expected Account Number:******123456789
2024-09-24 19:03:19 [main] INFO  testCases.UpdateAccount - *****Expected Description:******Test description 1
2024-09-24 19:03:19 [main] INFO  testCases.UpdateAccount - *****Expected Balance:******1000.22
2024-09-24 19:03:19 [main] INFO  testCases.UpdateAccount - *****Expected Contact Person:******MD Islam
2024-09-24 19:04:03 [main] INFO  testCases.GenerateTokenBearer - Response time is within range.
2024-09-24 19:04:05 [main] INFO  testCases.UpdateAccount - *****Actual Account Updated:******Account updated successfully.
2024-09-24 19:04:06 [main] INFO  testCases.GenerateTokenBearer - Response time is within range.
2024-09-24 19:04:07 [main] INFO  testCases.UpdateAccount - *****Actual Account Name:******MD Techfios account 111
2024-09-24 19:04:07 [main] INFO  testCases.UpdateAccount - *****Actual Account Number:******123456789
2024-09-24 19:04:07 [main] INFO  testCases.UpdateAccount - *****Actual Description:******Test description 1
2024-09-24 19:04:07 [main] INFO  testCases.UpdateAccount - *****Actual Balance:******1000.22
2024-09-24 19:04:07 [main] INFO  testCases.UpdateAccount - *****Actual Contact Person:******MD Islam
2024-09-24 19:04:07 [main] INFO  testCases.UpdateAccount - *****Expected Account Name:******MD Techfios account 111
2024-09-24 19:04:07 [main] INFO  testCases.UpdateAccount - *****Expected Account Number:******123456789
2024-09-24 19:04:07 [main] INFO  testCases.UpdateAccount - *****Expected Description:******Test description 1
2024-09-24 19:04:07 [main] INFO  testCases.UpdateAccount - *****Expected Balance:******1000.22
2024-09-24 19:04:07 [main] INFO  testCases.UpdateAccount - *****Expected Contact Person:******MD Islam
2024-09-24 19:05:40 [main] INFO  testCases.GenerateTokenBearer - Response time is within range.
2024-09-24 19:05:41 [main] INFO  testCases.CreateNewAccount - *****Actual Account Created:******Account created successfully.
2024-09-24 19:05:42 [main] INFO  testCases.CreateNewAccount - *****First Account ID:******975
2024-09-24 19:05:43 [main] INFO  testCases.GenerateTokenBearer - Response time is within range.
2024-09-24 19:05:44 [main] INFO  testCases.CreateNewAccount - *****Actual Account Name:******Personal account 001
2024-09-24 19:05:44 [main] INFO  testCases.CreateNewAccount - *****Actual Account Number:******123456789
2024-09-24 19:05:44 [main] INFO  testCases.CreateNewAccount - *****Actual Description:******Test description 1
2024-09-24 19:05:44 [main] INFO  testCases.CreateNewAccount - *****Actual Balance:******287.90
2024-09-24 19:05:44 [main] INFO  testCases.CreateNewAccount - *****Actual Contact Person:******Susmita
2024-09-24 19:05:44 [main] INFO  testCases.CreateNewAccount - *****Expected Account Name:******Personal account 001
2024-09-24 19:05:44 [main] INFO  testCases.CreateNewAccount - *****Expected Account Number:******123456789
2024-09-24 19:05:44 [main] INFO  testCases.CreateNewAccount - *****Expected Description:******Test description 1
2024-09-24 19:05:44 [main] INFO  testCases.CreateNewAccount - *****Expected Balance:******287.90
2024-09-24 19:05:44 [main] INFO  testCases.CreateNewAccount - *****Expected Contact Person:******Susmita
2024-09-24 19:06:09 [main] INFO  testCases.GenerateTokenBearer - Response time is within range.
2024-09-24 19:06:11 [main] INFO  testCases.UpdateAccount - *****Actual Account Updated:******Account updated successfully.
2024-09-24 19:06:12 [main] INFO  testCases.GenerateTokenBearer - Response time is within range.
2024-09-24 19:06:13 [main] INFO  testCases.UpdateAccount - *****Actual Account Name:******MD Techfios account 111
2024-09-24 19:06:13 [main] INFO  testCases.UpdateAccount - *****Actual Account Number:******123456789
2024-09-24 19:06:13 [main] INFO  testCases.UpdateAccount - *****Actual Description:******Test description 1
2024-09-24 19:06:13 [main] INFO  testCases.UpdateAccount - *****Actual Balance:******1000.22
2024-09-24 19:06:13 [main] INFO  testCases.UpdateAccount - *****Actual Contact Person:******MD Islam
2024-09-24 19:06:13 [main] INFO  testCases.UpdateAccount - *****Expected Account Name:******MD Techfios account 111
2024-09-24 19:06:13 [main] INFO  testCases.UpdateAccount - *****Expected Account Number:******123456789
2024-09-24 19:06:13 [main] INFO  testCases.UpdateAccount - *****Expected Description:******Test description 1
2024-09-24 19:06:13 [main] INFO  testCases.UpdateAccount - *****Expected Balance:******1000.22
2024-09-24 19:06:13 [main] INFO  testCases.UpdateAccount - *****Expected Contact Person:******MD Islam
2024-09-24 19:23:24 [main] INFO  testCases.GenerateTokenBearer - Response time is within range.
2024-09-24 19:23:25 [main] INFO  testCases.DeleteAccount - *****Actual Account Updated:******Account deleted successfully.
2024-09-24 19:23:26 [main] INFO  testCases.GenerateTokenBearer - Response time is within range.
